{"C:\\Users\\dmgpn\\Documents\\My_project\\home-works\\node\\nodejs-homeworks-02-06\\app.js": {"path":"C:\\Users\\dmgpn\\Documents\\My_project\\home-works\\node\\nodejs-homeworks-02-06\\app.js","statementMap":{"0":{"start":{"line":1,"column":16},"end":{"line":1,"column":34}},"1":{"start":{"line":2,"column":15},"end":{"line":2,"column":32}},"2":{"start":{"line":3,"column":13},"end":{"line":3,"column":28}},"3":{"start":{"line":4,"column":17},"end":{"line":4,"column":36}},"4":{"start":{"line":5,"column":0},"end":{"line":5,"column":27}},"5":{"start":{"line":9,"column":25},"end":{"line":9,"column":45}},"6":{"start":{"line":10,"column":19},"end":{"line":10,"column":47}},"7":{"start":{"line":11,"column":23},"end":{"line":11,"column":55}},"8":{"start":{"line":12,"column":20},"end":{"line":12,"column":49}},"9":{"start":{"line":15,"column":33},"end":{"line":15,"column":44}},"10":{"start":{"line":17,"column":0},"end":{"line":31,"column":5}},"11":{"start":{"line":23,"column":4},"end":{"line":23,"column":50}},"12":{"start":{"line":24,"column":4},"end":{"line":26,"column":7}},"13":{"start":{"line":25,"column":6},"end":{"line":25,"column":66}},"14":{"start":{"line":29,"column":4},"end":{"line":29,"column":23}},"15":{"start":{"line":30,"column":4},"end":{"line":30,"column":20}},"16":{"start":{"line":33,"column":12},"end":{"line":33,"column":21}},"17":{"start":{"line":35,"column":22},"end":{"line":35,"column":72}},"18":{"start":{"line":37,"column":0},"end":{"line":37,"column":31}},"19":{"start":{"line":38,"column":0},"end":{"line":38,"column":16}},"20":{"start":{"line":39,"column":0},"end":{"line":39,"column":24}},"21":{"start":{"line":40,"column":0},"end":{"line":40,"column":34}},"22":{"start":{"line":42,"column":0},"end":{"line":42,"column":33}},"23":{"start":{"line":43,"column":0},"end":{"line":43,"column":41}},"24":{"start":{"line":44,"column":0},"end":{"line":44,"column":35}},"25":{"start":{"line":48,"column":0},"end":{"line":54,"column":3}},"26":{"start":{"line":49,"column":2},"end":{"line":53,"column":5}},"27":{"start":{"line":56,"column":0},"end":{"line":66,"column":3}},"28":{"start":{"line":57,"column":53},"end":{"line":57,"column":56}},"29":{"start":{"line":58,"column":2},"end":{"line":65,"column":5}},"30":{"start":{"line":68,"column":0},"end":{"line":68,"column":21}}},"fnMap":{"0":{"name":"(anonymous_0)","decl":{"start":{"line":22,"column":8},"end":{"line":22,"column":9}},"loc":{"start":{"line":22,"column":14},"end":{"line":27,"column":3}},"line":22},"1":{"name":"(anonymous_1)","decl":{"start":{"line":24,"column":21},"end":{"line":24,"column":22}},"loc":{"start":{"line":24,"column":27},"end":{"line":26,"column":5}},"line":24},"2":{"name":"(anonymous_2)","decl":{"start":{"line":28,"column":9},"end":{"line":28,"column":10}},"loc":{"start":{"line":28,"column":20},"end":{"line":31,"column":3}},"line":28},"3":{"name":"(anonymous_3)","decl":{"start":{"line":48,"column":8},"end":{"line":48,"column":9}},"loc":{"start":{"line":48,"column":22},"end":{"line":54,"column":1}},"line":48},"4":{"name":"(anonymous_4)","decl":{"start":{"line":56,"column":8},"end":{"line":56,"column":9}},"loc":{"start":{"line":56,"column":33},"end":{"line":66,"column":1}},"line":56}},"branchMap":{"0":{"loc":{"start":{"line":15,"column":17},"end":{"line":15,"column":28}},"type":"default-arg","locations":[{"start":{"line":15,"column":24},"end":{"line":15,"column":28}}],"line":15},"1":{"loc":{"start":{"line":35,"column":22},"end":{"line":35,"column":72}},"type":"cond-expr","locations":[{"start":{"line":35,"column":57},"end":{"line":35,"column":62}},{"start":{"line":35,"column":65},"end":{"line":35,"column":72}}],"line":35},"2":{"loc":{"start":{"line":57,"column":10},"end":{"line":57,"column":22}},"type":"default-arg","locations":[{"start":{"line":57,"column":19},"end":{"line":57,"column":22}}],"line":57},"3":{"loc":{"start":{"line":57,"column":24},"end":{"line":57,"column":48}},"type":"default-arg","locations":[{"start":{"line":57,"column":34},"end":{"line":57,"column":48}}],"line":57}},"s":{"0":1,"1":1,"2":1,"3":1,"4":1,"5":1,"6":1,"7":1,"8":1,"9":1,"10":1,"11":1,"12":1,"13":1,"14":0,"15":0,"16":1,"17":1,"18":1,"19":1,"20":1,"21":1,"22":1,"23":1,"24":1,"25":1,"26":0,"27":1,"28":0,"29":0,"30":1},"f":{"0":1,"1":1,"2":0,"3":0,"4":0},"b":{"0":[1],"1":[0,1],"2":[0],"3":[0]},"_coverageSchema":"1a1c01bbd47fc00a2c39e90264f33305004495a9","hash":"e83f581b4554c3d6877c40a145e8617d392dede2"}
,"C:\\Users\\dmgpn\\Documents\\My_project\\home-works\\node\\nodejs-homeworks-02-06\\controllers\\index.js": {"path":"C:\\Users\\dmgpn\\Documents\\My_project\\home-works\\node\\nodejs-homeworks-02-06\\controllers\\index.js","statementMap":{"0":{"start":{"line":1,"column":13},"end":{"line":1,"column":30}},"1":{"start":{"line":2,"column":17},"end":{"line":2,"column":38}},"2":{"start":{"line":3,"column":14},"end":{"line":3,"column":32}},"3":{"start":{"line":5,"column":0},"end":{"line":9,"column":2}}},"fnMap":{},"branchMap":{},"s":{"0":1,"1":1,"2":1,"3":1},"f":{},"b":{},"_coverageSchema":"1a1c01bbd47fc00a2c39e90264f33305004495a9","hash":"48a4c87ee2acaf0201376499e6cb11169af72880"}
,"C:\\Users\\dmgpn\\Documents\\My_project\\home-works\\node\\nodejs-homeworks-02-06\\controllers\\auth\\index.js": {"path":"C:\\Users\\dmgpn\\Documents\\My_project\\home-works\\node\\nodejs-homeworks-02-06\\controllers\\auth\\index.js","statementMap":{"0":{"start":{"line":1,"column":15},"end":{"line":1,"column":34}},"1":{"start":{"line":2,"column":15},"end":{"line":2,"column":34}},"2":{"start":{"line":3,"column":16},"end":{"line":3,"column":36}},"3":{"start":{"line":5,"column":0},"end":{"line":9,"column":2}}},"fnMap":{},"branchMap":{},"s":{"0":1,"1":1,"2":1,"3":1},"f":{},"b":{},"_coverageSchema":"1a1c01bbd47fc00a2c39e90264f33305004495a9","hash":"007647ecc46263f1bef7bf355384259df2246071"}
,"C:\\Users\\dmgpn\\Documents\\My_project\\home-works\\node\\nodejs-homeworks-02-06\\controllers\\auth\\signin.js": {"path":"C:\\Users\\dmgpn\\Documents\\My_project\\home-works\\node\\nodejs-homeworks-02-06\\controllers\\auth\\signin.js","statementMap":{"0":{"start":{"line":1,"column":17},"end":{"line":1,"column":40}},"1":{"start":{"line":2,"column":25},"end":{"line":2,"column":49}},"2":{"start":{"line":4,"column":15},"end":{"line":32,"column":1}},"3":{"start":{"line":5,"column":30},"end":{"line":5,"column":38}},"4":{"start":{"line":7,"column":15},"end":{"line":7,"column":44}},"5":{"start":{"line":9,"column":2},"end":{"line":17,"column":3}},"6":{"start":{"line":10,"column":4},"end":{"line":15,"column":7}},"7":{"start":{"line":16,"column":4},"end":{"line":16,"column":11}},"8":{"start":{"line":19,"column":16},"end":{"line":19,"column":34}},"9":{"start":{"line":21,"column":2},"end":{"line":21,"column":52}},"10":{"start":{"line":23,"column":2},"end":{"line":31,"column":5}},"11":{"start":{"line":34,"column":0},"end":{"line":34,"column":24}}},"fnMap":{"0":{"name":"(anonymous_0)","decl":{"start":{"line":4,"column":15},"end":{"line":4,"column":16}},"loc":{"start":{"line":4,"column":35},"end":{"line":32,"column":1}},"line":4}},"branchMap":{"0":{"loc":{"start":{"line":9,"column":2},"end":{"line":17,"column":3}},"type":"if","locations":[{"start":{"line":9,"column":2},"end":{"line":17,"column":3}},{"start":{"line":9,"column":2},"end":{"line":17,"column":3}}],"line":9},"1":{"loc":{"start":{"line":9,"column":6},"end":{"line":9,"column":46}},"type":"binary-expr","locations":[{"start":{"line":9,"column":6},"end":{"line":9,"column":11}},{"start":{"line":9,"column":15},"end":{"line":9,"column":46}}],"line":9}},"s":{"0":1,"1":1,"2":1,"3":3,"4":3,"5":2,"6":1,"7":1,"8":1,"9":1,"10":1,"11":1},"f":{"0":3},"b":{"0":[1,1],"1":[2,2]},"_coverageSchema":"1a1c01bbd47fc00a2c39e90264f33305004495a9","hash":"7bfbc32164ba4aff334e3f0aa435640219024d52"}
,"C:\\Users\\dmgpn\\Documents\\My_project\\home-works\\node\\nodejs-homeworks-02-06\\controllers\\auth\\signout.js": {"path":"C:\\Users\\dmgpn\\Documents\\My_project\\home-works\\node\\nodejs-homeworks-02-06\\controllers\\auth\\signout.js","statementMap":{"0":{"start":{"line":1,"column":25},"end":{"line":1,"column":49}},"1":{"start":{"line":2,"column":17},"end":{"line":2,"column":40}},"2":{"start":{"line":4,"column":16},"end":{"line":14,"column":1}},"3":{"start":{"line":5,"column":18},"end":{"line":5,"column":26}},"4":{"start":{"line":6,"column":2},"end":{"line":6,"column":53}},"5":{"start":{"line":8,"column":2},"end":{"line":13,"column":5}},"6":{"start":{"line":16,"column":0},"end":{"line":16,"column":25}}},"fnMap":{"0":{"name":"(anonymous_0)","decl":{"start":{"line":4,"column":16},"end":{"line":4,"column":17}},"loc":{"start":{"line":4,"column":36},"end":{"line":14,"column":1}},"line":4}},"branchMap":{},"s":{"0":1,"1":1,"2":1,"3":0,"4":0,"5":0,"6":1},"f":{"0":0},"b":{},"_coverageSchema":"1a1c01bbd47fc00a2c39e90264f33305004495a9","hash":"06b0e4a597ba4ff1a17731743213e1fbaa5fa69b"}
,"C:\\Users\\dmgpn\\Documents\\My_project\\home-works\\node\\nodejs-homeworks-02-06\\controllers\\auth\\signup.js": {"path":"C:\\Users\\dmgpn\\Documents\\My_project\\home-works\\node\\nodejs-homeworks-02-06\\controllers\\auth\\signup.js","statementMap":{"0":{"start":{"line":1,"column":25},"end":{"line":1,"column":49}},"1":{"start":{"line":2,"column":17},"end":{"line":2,"column":40}},"2":{"start":{"line":3,"column":17},"end":{"line":3,"column":36}},"3":{"start":{"line":5,"column":15},"end":{"line":36,"column":1}},"4":{"start":{"line":6,"column":30},"end":{"line":6,"column":38}},"5":{"start":{"line":8,"column":17},"end":{"line":8,"column":46}},"6":{"start":{"line":10,"column":2},"end":{"line":18,"column":3}},"7":{"start":{"line":11,"column":4},"end":{"line":16,"column":7}},"8":{"start":{"line":17,"column":4},"end":{"line":17,"column":11}},"9":{"start":{"line":20,"column":18},"end":{"line":20,"column":37}},"10":{"start":{"line":22,"column":2},"end":{"line":22,"column":32}},"11":{"start":{"line":23,"column":2},"end":{"line":23,"column":70}},"12":{"start":{"line":24,"column":2},"end":{"line":24,"column":23}},"13":{"start":{"line":26,"column":2},"end":{"line":35,"column":5}},"14":{"start":{"line":38,"column":0},"end":{"line":38,"column":24}}},"fnMap":{"0":{"name":"(anonymous_0)","decl":{"start":{"line":5,"column":15},"end":{"line":5,"column":16}},"loc":{"start":{"line":5,"column":35},"end":{"line":36,"column":1}},"line":5}},"branchMap":{"0":{"loc":{"start":{"line":10,"column":2},"end":{"line":18,"column":3}},"type":"if","locations":[{"start":{"line":10,"column":2},"end":{"line":18,"column":3}},{"start":{"line":10,"column":2},"end":{"line":18,"column":3}}],"line":10}},"s":{"0":1,"1":1,"2":1,"3":1,"4":0,"5":0,"6":0,"7":0,"8":0,"9":0,"10":0,"11":0,"12":0,"13":0,"14":1},"f":{"0":0},"b":{"0":[0,0]},"_coverageSchema":"1a1c01bbd47fc00a2c39e90264f33305004495a9","hash":"8a427754e62fd0827bc059ee489610e2da5033ba"}
,"C:\\Users\\dmgpn\\Documents\\My_project\\home-works\\node\\nodejs-homeworks-02-06\\controllers\\contacts\\add.js": {"path":"C:\\Users\\dmgpn\\Documents\\My_project\\home-works\\node\\nodejs-homeworks-02-06\\controllers\\contacts\\add.js","statementMap":{"0":{"start":{"line":1,"column":20},"end":{"line":1,"column":51}},"1":{"start":{"line":2,"column":25},"end":{"line":2,"column":49}},"2":{"start":{"line":4,"column":12},"end":{"line":10,"column":1}},"3":{"start":{"line":5,"column":21},"end":{"line":5,"column":57}},"4":{"start":{"line":6,"column":18},"end":{"line":6,"column":50}},"5":{"start":{"line":7,"column":2},"end":{"line":7,"column":47}},"6":{"start":{"line":9,"column":2},"end":{"line":9,"column":56}},"7":{"start":{"line":12,"column":0},"end":{"line":12,"column":21}}},"fnMap":{"0":{"name":"(anonymous_0)","decl":{"start":{"line":4,"column":12},"end":{"line":4,"column":13}},"loc":{"start":{"line":4,"column":32},"end":{"line":10,"column":1}},"line":4}},"branchMap":{},"s":{"0":1,"1":1,"2":1,"3":0,"4":0,"5":0,"6":0,"7":1},"f":{"0":0},"b":{},"_coverageSchema":"1a1c01bbd47fc00a2c39e90264f33305004495a9","hash":"59729217b926a360cd836b128b1f541d5116ca35"}
,"C:\\Users\\dmgpn\\Documents\\My_project\\home-works\\node\\nodejs-homeworks-02-06\\controllers\\contacts\\getAll.js": {"path":"C:\\Users\\dmgpn\\Documents\\My_project\\home-works\\node\\nodejs-homeworks-02-06\\controllers\\contacts\\getAll.js","statementMap":{"0":{"start":{"line":1,"column":20},"end":{"line":1,"column":51}},"1":{"start":{"line":2,"column":25},"end":{"line":2,"column":49}},"2":{"start":{"line":4,"column":15},"end":{"line":27,"column":1}},"3":{"start":{"line":5,"column":53},"end":{"line":5,"column":62}},"4":{"start":{"line":7,"column":15},"end":{"line":7,"column":33}},"5":{"start":{"line":10,"column":2},"end":{"line":24,"column":3}},"6":{"start":{"line":11,"column":4},"end":{"line":14,"column":38}},"7":{"start":{"line":16,"column":4},"end":{"line":23,"column":37}},"8":{"start":{"line":26,"column":2},"end":{"line":26,"column":57}},"9":{"start":{"line":29,"column":0},"end":{"line":29,"column":24}}},"fnMap":{"0":{"name":"(anonymous_0)","decl":{"start":{"line":4,"column":15},"end":{"line":4,"column":16}},"loc":{"start":{"line":4,"column":35},"end":{"line":27,"column":1}},"line":4}},"branchMap":{"0":{"loc":{"start":{"line":5,"column":10},"end":{"line":5,"column":18}},"type":"default-arg","locations":[{"start":{"line":5,"column":17},"end":{"line":5,"column":18}}],"line":5},"1":{"loc":{"start":{"line":5,"column":20},"end":{"line":5,"column":30}},"type":"default-arg","locations":[{"start":{"line":5,"column":28},"end":{"line":5,"column":30}}],"line":5},"2":{"loc":{"start":{"line":5,"column":32},"end":{"line":5,"column":48}},"type":"default-arg","locations":[{"start":{"line":5,"column":43},"end":{"line":5,"column":48}}],"line":5},"3":{"loc":{"start":{"line":10,"column":2},"end":{"line":24,"column":3}},"type":"if","locations":[{"start":{"line":10,"column":2},"end":{"line":24,"column":3}},{"start":{"line":10,"column":2},"end":{"line":24,"column":3}}],"line":10}},"s":{"0":1,"1":1,"2":1,"3":0,"4":0,"5":0,"6":0,"7":0,"8":0,"9":1},"f":{"0":0},"b":{"0":[0],"1":[0],"2":[0],"3":[0,0]},"_coverageSchema":"1a1c01bbd47fc00a2c39e90264f33305004495a9","hash":"2945bfd97cc65736c0141bde0bc0c24fa15b6c37"}
,"C:\\Users\\dmgpn\\Documents\\My_project\\home-works\\node\\nodejs-homeworks-02-06\\controllers\\contacts\\getById.js": {"path":"C:\\Users\\dmgpn\\Documents\\My_project\\home-works\\node\\nodejs-homeworks-02-06\\controllers\\contacts\\getById.js","statementMap":{"0":{"start":{"line":1,"column":20},"end":{"line":1,"column":51}},"1":{"start":{"line":2,"column":25},"end":{"line":2,"column":49}},"2":{"start":{"line":3,"column":21},"end":{"line":3,"column":43}},"3":{"start":{"line":5,"column":16},"end":{"line":13,"column":1}},"4":{"start":{"line":6,"column":24},"end":{"line":6,"column":34}},"5":{"start":{"line":7,"column":18},"end":{"line":7,"column":51}},"6":{"start":{"line":8,"column":2},"end":{"line":10,"column":3}},"7":{"start":{"line":9,"column":4},"end":{"line":9,"column":65}},"8":{"start":{"line":12,"column":2},"end":{"line":12,"column":56}},"9":{"start":{"line":15,"column":0},"end":{"line":15,"column":25}}},"fnMap":{"0":{"name":"(anonymous_0)","decl":{"start":{"line":5,"column":16},"end":{"line":5,"column":17}},"loc":{"start":{"line":5,"column":42},"end":{"line":13,"column":1}},"line":5}},"branchMap":{"0":{"loc":{"start":{"line":8,"column":2},"end":{"line":10,"column":3}},"type":"if","locations":[{"start":{"line":8,"column":2},"end":{"line":10,"column":3}},{"start":{"line":8,"column":2},"end":{"line":10,"column":3}}],"line":8}},"s":{"0":1,"1":1,"2":1,"3":1,"4":0,"5":0,"6":0,"7":0,"8":0,"9":1},"f":{"0":0},"b":{"0":[0,0]},"_coverageSchema":"1a1c01bbd47fc00a2c39e90264f33305004495a9","hash":"2e38f05b64ce91a860d9b2d02ce53ffb9782ebc3"}
,"C:\\Users\\dmgpn\\Documents\\My_project\\home-works\\node\\nodejs-homeworks-02-06\\controllers\\contacts\\index.js": {"path":"C:\\Users\\dmgpn\\Documents\\My_project\\home-works\\node\\nodejs-homeworks-02-06\\controllers\\contacts\\index.js","statementMap":{"0":{"start":{"line":1,"column":15},"end":{"line":1,"column":34}},"1":{"start":{"line":2,"column":16},"end":{"line":2,"column":36}},"2":{"start":{"line":3,"column":12},"end":{"line":3,"column":28}},"3":{"start":{"line":4,"column":19},"end":{"line":4,"column":42}},"4":{"start":{"line":5,"column":19},"end":{"line":5,"column":42}},"5":{"start":{"line":6,"column":28},"end":{"line":6,"column":60}},"6":{"start":{"line":8,"column":0},"end":{"line":15,"column":2}}},"fnMap":{},"branchMap":{},"s":{"0":1,"1":1,"2":1,"3":1,"4":1,"5":1,"6":1},"f":{},"b":{},"_coverageSchema":"1a1c01bbd47fc00a2c39e90264f33305004495a9","hash":"557b70bcad8b69bd4b265831b9c05fc550f7c078"}
,"C:\\Users\\dmgpn\\Documents\\My_project\\home-works\\node\\nodejs-homeworks-02-06\\controllers\\contacts\\removeById.js": {"path":"C:\\Users\\dmgpn\\Documents\\My_project\\home-works\\node\\nodejs-homeworks-02-06\\controllers\\contacts\\removeById.js","statementMap":{"0":{"start":{"line":1,"column":20},"end":{"line":1,"column":51}},"1":{"start":{"line":2,"column":25},"end":{"line":2,"column":49}},"2":{"start":{"line":3,"column":21},"end":{"line":3,"column":43}},"3":{"start":{"line":5,"column":19},"end":{"line":13,"column":1}},"4":{"start":{"line":6,"column":24},"end":{"line":6,"column":34}},"5":{"start":{"line":7,"column":18},"end":{"line":7,"column":60}},"6":{"start":{"line":8,"column":2},"end":{"line":10,"column":3}},"7":{"start":{"line":9,"column":4},"end":{"line":9,"column":65}},"8":{"start":{"line":12,"column":2},"end":{"line":12,"column":57}},"9":{"start":{"line":15,"column":0},"end":{"line":15,"column":28}}},"fnMap":{"0":{"name":"(anonymous_0)","decl":{"start":{"line":5,"column":19},"end":{"line":5,"column":20}},"loc":{"start":{"line":5,"column":45},"end":{"line":13,"column":1}},"line":5}},"branchMap":{"0":{"loc":{"start":{"line":8,"column":2},"end":{"line":10,"column":3}},"type":"if","locations":[{"start":{"line":8,"column":2},"end":{"line":10,"column":3}},{"start":{"line":8,"column":2},"end":{"line":10,"column":3}}],"line":8}},"s":{"0":1,"1":1,"2":1,"3":1,"4":0,"5":0,"6":0,"7":0,"8":0,"9":1},"f":{"0":0},"b":{"0":[0,0]},"_coverageSchema":"1a1c01bbd47fc00a2c39e90264f33305004495a9","hash":"addd5683a675525ae770afc75a7e6cd1e285d0af"}
,"C:\\Users\\dmgpn\\Documents\\My_project\\home-works\\node\\nodejs-homeworks-02-06\\controllers\\contacts\\updateById.js": {"path":"C:\\Users\\dmgpn\\Documents\\My_project\\home-works\\node\\nodejs-homeworks-02-06\\controllers\\contacts\\updateById.js","statementMap":{"0":{"start":{"line":1,"column":20},"end":{"line":1,"column":51}},"1":{"start":{"line":2,"column":25},"end":{"line":2,"column":49}},"2":{"start":{"line":3,"column":21},"end":{"line":3,"column":43}},"3":{"start":{"line":5,"column":19},"end":{"line":21,"column":1}},"4":{"start":{"line":6,"column":18},"end":{"line":10,"column":3}},"5":{"start":{"line":12,"column":2},"end":{"line":14,"column":3}},"6":{"start":{"line":13,"column":4},"end":{"line":13,"column":77}},"7":{"start":{"line":16,"column":2},"end":{"line":20,"column":5}},"8":{"start":{"line":23,"column":0},"end":{"line":23,"column":28}}},"fnMap":{"0":{"name":"(anonymous_0)","decl":{"start":{"line":5,"column":19},"end":{"line":5,"column":20}},"loc":{"start":{"line":5,"column":39},"end":{"line":21,"column":1}},"line":5}},"branchMap":{"0":{"loc":{"start":{"line":12,"column":2},"end":{"line":14,"column":3}},"type":"if","locations":[{"start":{"line":12,"column":2},"end":{"line":14,"column":3}},{"start":{"line":12,"column":2},"end":{"line":14,"column":3}}],"line":12}},"s":{"0":1,"1":1,"2":1,"3":1,"4":0,"5":0,"6":0,"7":0,"8":1},"f":{"0":0},"b":{"0":[0,0]},"_coverageSchema":"1a1c01bbd47fc00a2c39e90264f33305004495a9","hash":"5e37da3dbb0e3d8ecaaf5db1348a1fc020f4dc22"}
,"C:\\Users\\dmgpn\\Documents\\My_project\\home-works\\node\\nodejs-homeworks-02-06\\controllers\\contacts\\updateStatusContact.js": {"path":"C:\\Users\\dmgpn\\Documents\\My_project\\home-works\\node\\nodejs-homeworks-02-06\\controllers\\contacts\\updateStatusContact.js","statementMap":{"0":{"start":{"line":1,"column":20},"end":{"line":1,"column":51}},"1":{"start":{"line":2,"column":25},"end":{"line":2,"column":49}},"2":{"start":{"line":3,"column":21},"end":{"line":3,"column":43}},"3":{"start":{"line":5,"column":28},"end":{"line":28,"column":1}},"4":{"start":{"line":6,"column":24},"end":{"line":6,"column":34}},"5":{"start":{"line":7,"column":23},"end":{"line":7,"column":31}},"6":{"start":{"line":9,"column":2},"end":{"line":11,"column":3}},"7":{"start":{"line":10,"column":4},"end":{"line":10,"column":49}},"8":{"start":{"line":13,"column":18},"end":{"line":17,"column":3}},"9":{"start":{"line":19,"column":2},"end":{"line":21,"column":3}},"10":{"start":{"line":20,"column":4},"end":{"line":20,"column":77}},"11":{"start":{"line":23,"column":2},"end":{"line":27,"column":5}},"12":{"start":{"line":30,"column":0},"end":{"line":30,"column":37}}},"fnMap":{"0":{"name":"(anonymous_0)","decl":{"start":{"line":5,"column":28},"end":{"line":5,"column":29}},"loc":{"start":{"line":5,"column":48},"end":{"line":28,"column":1}},"line":5}},"branchMap":{"0":{"loc":{"start":{"line":9,"column":2},"end":{"line":11,"column":3}},"type":"if","locations":[{"start":{"line":9,"column":2},"end":{"line":11,"column":3}},{"start":{"line":9,"column":2},"end":{"line":11,"column":3}}],"line":9},"1":{"loc":{"start":{"line":19,"column":2},"end":{"line":21,"column":3}},"type":"if","locations":[{"start":{"line":19,"column":2},"end":{"line":21,"column":3}},{"start":{"line":19,"column":2},"end":{"line":21,"column":3}}],"line":19}},"s":{"0":1,"1":1,"2":1,"3":1,"4":0,"5":0,"6":0,"7":0,"8":0,"9":0,"10":0,"11":0,"12":1},"f":{"0":0},"b":{"0":[0,0],"1":[0,0]},"_coverageSchema":"1a1c01bbd47fc00a2c39e90264f33305004495a9","hash":"7e7fb41a4612e9c60da50dc89986b7b62c8cd8e3"}
,"C:\\Users\\dmgpn\\Documents\\My_project\\home-works\\node\\nodejs-homeworks-02-06\\controllers\\users\\index.js": {"path":"C:\\Users\\dmgpn\\Documents\\My_project\\home-works\\node\\nodejs-homeworks-02-06\\controllers\\users\\index.js","statementMap":{"0":{"start":{"line":1,"column":17},"end":{"line":1,"column":38}},"1":{"start":{"line":2,"column":21},"end":{"line":2,"column":46}},"2":{"start":{"line":3,"column":21},"end":{"line":3,"column":46}},"3":{"start":{"line":5,"column":0},"end":{"line":5,"column":58}}},"fnMap":{},"branchMap":{},"s":{"0":1,"1":1,"2":1,"3":1},"f":{},"b":{},"_coverageSchema":"1a1c01bbd47fc00a2c39e90264f33305004495a9","hash":"0f9a9ffe061184d19e1302546ea5bfc44e415ec5"}
,"C:\\Users\\dmgpn\\Documents\\My_project\\home-works\\node\\nodejs-homeworks-02-06\\controllers\\users\\subscription.js": {"path":"C:\\Users\\dmgpn\\Documents\\My_project\\home-works\\node\\nodejs-homeworks-02-06\\controllers\\users\\subscription.js","statementMap":{"0":{"start":{"line":1,"column":25},"end":{"line":1,"column":49}},"1":{"start":{"line":2,"column":17},"end":{"line":2,"column":40}},"2":{"start":{"line":4,"column":21},"end":{"line":23,"column":1}},"3":{"start":{"line":5,"column":27},"end":{"line":5,"column":35}},"4":{"start":{"line":6,"column":18},"end":{"line":6,"column":26}},"5":{"start":{"line":8,"column":17},"end":{"line":14,"column":3}},"6":{"start":{"line":16,"column":2},"end":{"line":22,"column":5}},"7":{"start":{"line":25,"column":0},"end":{"line":25,"column":30}}},"fnMap":{"0":{"name":"(anonymous_0)","decl":{"start":{"line":4,"column":21},"end":{"line":4,"column":22}},"loc":{"start":{"line":4,"column":41},"end":{"line":23,"column":1}},"line":4}},"branchMap":{},"s":{"0":1,"1":1,"2":1,"3":0,"4":0,"5":0,"6":0,"7":1},"f":{"0":0},"b":{},"_coverageSchema":"1a1c01bbd47fc00a2c39e90264f33305004495a9","hash":"c6a069670565ca3bf05137c14a26f2cfc163c45a"}
,"C:\\Users\\dmgpn\\Documents\\My_project\\home-works\\node\\nodejs-homeworks-02-06\\controllers\\users\\updateAvatar.js": {"path":"C:\\Users\\dmgpn\\Documents\\My_project\\home-works\\node\\nodejs-homeworks-02-06\\controllers\\users\\updateAvatar.js","statementMap":{"0":{"start":{"line":1,"column":13},"end":{"line":1,"column":28}},"1":{"start":{"line":2,"column":11},"end":{"line":2,"column":33}},"2":{"start":{"line":3,"column":25},"end":{"line":3,"column":49}},"3":{"start":{"line":4,"column":13},"end":{"line":4,"column":28}},"4":{"start":{"line":6,"column":17},"end":{"line":6,"column":40}},"5":{"start":{"line":8,"column":19},"end":{"line":8,"column":67}},"6":{"start":{"line":10,"column":21},"end":{"line":48,"column":1}},"7":{"start":{"line":11,"column":2},"end":{"line":47,"column":3}},"8":{"start":{"line":12,"column":48},"end":{"line":12,"column":56}},"9":{"start":{"line":13,"column":20},"end":{"line":13,"column":28}},"10":{"start":{"line":14,"column":4},"end":{"line":16,"column":26}},"11":{"start":{"line":15,"column":23},"end":{"line":15,"column":63}},"12":{"start":{"line":18,"column":30},"end":{"line":18,"column":63}},"13":{"start":{"line":19,"column":21},"end":{"line":19,"column":77}},"14":{"start":{"line":21,"column":22},"end":{"line":21,"column":53}},"15":{"start":{"line":22,"column":4},"end":{"line":22,"column":44}},"16":{"start":{"line":24,"column":17},"end":{"line":28,"column":5}},"17":{"start":{"line":30,"column":4},"end":{"line":36,"column":7}},"18":{"start":{"line":38,"column":4},"end":{"line":38,"column":33}},"19":{"start":{"line":39,"column":4},"end":{"line":46,"column":7}},"20":{"start":{"line":50,"column":0},"end":{"line":50,"column":30}}},"fnMap":{"0":{"name":"(anonymous_0)","decl":{"start":{"line":10,"column":21},"end":{"line":10,"column":22}},"loc":{"start":{"line":10,"column":41},"end":{"line":48,"column":1}},"line":10},"1":{"name":"(anonymous_1)","decl":{"start":{"line":15,"column":12},"end":{"line":15,"column":13}},"loc":{"start":{"line":15,"column":23},"end":{"line":15,"column":63}},"line":15}},"branchMap":{},"s":{"0":1,"1":1,"2":1,"3":1,"4":1,"5":1,"6":1,"7":0,"8":0,"9":0,"10":0,"11":0,"12":0,"13":0,"14":0,"15":0,"16":0,"17":0,"18":0,"19":0,"20":1},"f":{"0":0,"1":0},"b":{},"_coverageSchema":"1a1c01bbd47fc00a2c39e90264f33305004495a9","hash":"7ce23a6a305d731e1bd4811dc81989d3dafe116e"}
,"C:\\Users\\dmgpn\\Documents\\My_project\\home-works\\node\\nodejs-homeworks-02-06\\controllers\\users\\userInfo.js": {"path":"C:\\Users\\dmgpn\\Documents\\My_project\\home-works\\node\\nodejs-homeworks-02-06\\controllers\\users\\userInfo.js","statementMap":{"0":{"start":{"line":1,"column":25},"end":{"line":1,"column":49}},"1":{"start":{"line":3,"column":17},"end":{"line":11,"column":1}},"2":{"start":{"line":4,"column":2},"end":{"line":10,"column":5}},"3":{"start":{"line":13,"column":0},"end":{"line":13,"column":26}}},"fnMap":{"0":{"name":"(anonymous_0)","decl":{"start":{"line":3,"column":17},"end":{"line":3,"column":18}},"loc":{"start":{"line":3,"column":37},"end":{"line":11,"column":1}},"line":3}},"branchMap":{},"s":{"0":1,"1":1,"2":0,"3":1},"f":{"0":0},"b":{},"_coverageSchema":"1a1c01bbd47fc00a2c39e90264f33305004495a9","hash":"f4c20061e9fca525aae8b2daf52b4cc053970f3f"}
,"C:\\Users\\dmgpn\\Documents\\My_project\\home-works\\node\\nodejs-homeworks-02-06\\helpers\\index.js": {"path":"C:\\Users\\dmgpn\\Documents\\My_project\\home-works\\node\\nodejs-homeworks-02-06\\helpers\\index.js","statementMap":{"0":{"start":{"line":1,"column":21},"end":{"line":1,"column":46}},"1":{"start":{"line":3,"column":0},"end":{"line":5,"column":2}}},"fnMap":{},"branchMap":{},"s":{"0":1,"1":1},"f":{},"b":{},"_coverageSchema":"1a1c01bbd47fc00a2c39e90264f33305004495a9","hash":"f1d7f3d19ac4446c0d3dc75686411f49ff186924"}
,"C:\\Users\\dmgpn\\Documents\\My_project\\home-works\\node\\nodejs-homeworks-02-06\\helpers\\sendResponse.js": {"path":"C:\\Users\\dmgpn\\Documents\\My_project\\home-works\\node\\nodejs-homeworks-02-06\\helpers\\sendResponse.js","statementMap":{"0":{"start":{"line":1,"column":21},"end":{"line":7,"column":1}},"1":{"start":{"line":2,"column":2},"end":{"line":6,"column":5}},"2":{"start":{"line":9,"column":0},"end":{"line":9,"column":30}}},"fnMap":{"0":{"name":"(anonymous_0)","decl":{"start":{"line":1,"column":21},"end":{"line":1,"column":22}},"loc":{"start":{"line":1,"column":69},"end":{"line":7,"column":1}},"line":1}},"branchMap":{"0":{"loc":{"start":{"line":1,"column":35},"end":{"line":1,"column":47}},"type":"default-arg","locations":[{"start":{"line":1,"column":44},"end":{"line":1,"column":47}}],"line":1}},"s":{"0":2,"1":7,"2":2},"f":{"0":7},"b":{"0":[0]},"_coverageSchema":"1a1c01bbd47fc00a2c39e90264f33305004495a9","hash":"4532fa2c06ec1e55ad17e26dc84a54b56ce84dee"}
,"C:\\Users\\dmgpn\\Documents\\My_project\\home-works\\node\\nodejs-homeworks-02-06\\midllewares\\authenticate.js": {"path":"C:\\Users\\dmgpn\\Documents\\My_project\\home-works\\node\\nodejs-homeworks-02-06\\midllewares\\authenticate.js","statementMap":{"0":{"start":{"line":1,"column":12},"end":{"line":1,"column":35}},"1":{"start":{"line":2,"column":21},"end":{"line":2,"column":55}},"2":{"start":{"line":3,"column":17},"end":{"line":3,"column":37}},"3":{"start":{"line":4,"column":23},"end":{"line":4,"column":34}},"4":{"start":{"line":6,"column":21},"end":{"line":49,"column":1}},"5":{"start":{"line":7,"column":2},"end":{"line":48,"column":3}},"6":{"start":{"line":8,"column":30},"end":{"line":8,"column":41}},"7":{"start":{"line":10,"column":28},"end":{"line":10,"column":52}},"8":{"start":{"line":12,"column":4},"end":{"line":21,"column":5}},"9":{"start":{"line":13,"column":6},"end":{"line":20,"column":9}},"10":{"start":{"line":23,"column":19},"end":{"line":23,"column":48}},"11":{"start":{"line":25,"column":17},"end":{"line":25,"column":40}},"12":{"start":{"line":27,"column":4},"end":{"line":36,"column":5}},"13":{"start":{"line":28,"column":6},"end":{"line":35,"column":9}},"14":{"start":{"line":37,"column":4},"end":{"line":37,"column":20}},"15":{"start":{"line":38,"column":4},"end":{"line":38,"column":11}},"16":{"start":{"line":40,"column":4},"end":{"line":47,"column":7}},"17":{"start":{"line":51,"column":0},"end":{"line":51,"column":30}}},"fnMap":{"0":{"name":"(anonymous_0)","decl":{"start":{"line":6,"column":21},"end":{"line":6,"column":22}},"loc":{"start":{"line":6,"column":47},"end":{"line":49,"column":1}},"line":6}},"branchMap":{"0":{"loc":{"start":{"line":12,"column":4},"end":{"line":21,"column":5}},"type":"if","locations":[{"start":{"line":12,"column":4},"end":{"line":21,"column":5}},{"start":{"line":12,"column":4},"end":{"line":21,"column":5}}],"line":12},"1":{"loc":{"start":{"line":27,"column":4},"end":{"line":36,"column":5}},"type":"if","locations":[{"start":{"line":27,"column":4},"end":{"line":36,"column":5}},{"start":{"line":27,"column":4},"end":{"line":36,"column":5}}],"line":27}},"s":{"0":2,"1":2,"2":2,"3":2,"4":2,"5":4,"6":4,"7":3,"8":3,"9":1,"10":3,"11":2,"12":2,"13":1,"14":1,"15":1,"16":2,"17":2},"f":{"0":4},"b":{"0":[1,2],"1":[1,1]},"_coverageSchema":"1a1c01bbd47fc00a2c39e90264f33305004495a9","hash":"f6d8ba7dfe2b8941b9ab5341fda6c7ae6797ea75"}
,"C:\\Users\\dmgpn\\Documents\\My_project\\home-works\\node\\nodejs-homeworks-02-06\\midllewares\\controllerWrapper.js": {"path":"C:\\Users\\dmgpn\\Documents\\My_project\\home-works\\node\\nodejs-homeworks-02-06\\midllewares\\controllerWrapper.js","statementMap":{"0":{"start":{"line":1,"column":26},"end":{"line":10,"column":1}},"1":{"start":{"line":2,"column":15},"end":{"line":8,"column":3}},"2":{"start":{"line":3,"column":4},"end":{"line":7,"column":5}},"3":{"start":{"line":4,"column":6},"end":{"line":4,"column":33}},"4":{"start":{"line":6,"column":6},"end":{"line":6,"column":18}},"5":{"start":{"line":9,"column":2},"end":{"line":9,"column":14}},"6":{"start":{"line":12,"column":0},"end":{"line":12,"column":35}}},"fnMap":{"0":{"name":"(anonymous_0)","decl":{"start":{"line":1,"column":26},"end":{"line":1,"column":27}},"loc":{"start":{"line":1,"column":36},"end":{"line":10,"column":1}},"line":1},"1":{"name":"(anonymous_1)","decl":{"start":{"line":2,"column":15},"end":{"line":2,"column":16}},"loc":{"start":{"line":2,"column":41},"end":{"line":8,"column":3}},"line":2}},"branchMap":{},"s":{"0":1,"1":12,"2":3,"3":3,"4":0,"5":12,"6":1},"f":{"0":12,"1":3},"b":{},"_coverageSchema":"1a1c01bbd47fc00a2c39e90264f33305004495a9","hash":"8f7442ef2d473c87f97f15b1eb8a024dcae04785"}
,"C:\\Users\\dmgpn\\Documents\\My_project\\home-works\\node\\nodejs-homeworks-02-06\\midllewares\\index.js": {"path":"C:\\Users\\dmgpn\\Documents\\My_project\\home-works\\node\\nodejs-homeworks-02-06\\midllewares\\index.js","statementMap":{"0":{"start":{"line":1,"column":26},"end":{"line":1,"column":56}},"1":{"start":{"line":2,"column":19},"end":{"line":2,"column":42}},"2":{"start":{"line":3,"column":21},"end":{"line":3,"column":46}},"3":{"start":{"line":4,"column":15},"end":{"line":4,"column":34}},"4":{"start":{"line":6,"column":0},"end":{"line":11,"column":2}}},"fnMap":{},"branchMap":{},"s":{"0":1,"1":1,"2":1,"3":1,"4":1},"f":{},"b":{},"_coverageSchema":"1a1c01bbd47fc00a2c39e90264f33305004495a9","hash":"c8a9f89be3a9ca39784079801b07fa6b30c84c60"}
,"C:\\Users\\dmgpn\\Documents\\My_project\\home-works\\node\\nodejs-homeworks-02-06\\midllewares\\upload.js": {"path":"C:\\Users\\dmgpn\\Documents\\My_project\\home-works\\node\\nodejs-homeworks-02-06\\midllewares\\upload.js","statementMap":{"0":{"start":{"line":1,"column":15},"end":{"line":1,"column":32}},"1":{"start":{"line":2,"column":13},"end":{"line":2,"column":28}},"2":{"start":{"line":4,"column":16},"end":{"line":4,"column":51}},"3":{"start":{"line":6,"column":22},"end":{"line":16,"column":2}},"4":{"start":{"line":8,"column":4},"end":{"line":8,"column":22}},"5":{"start":{"line":11,"column":4},"end":{"line":11,"column":32}},"6":{"start":{"line":18,"column":15},"end":{"line":20,"column":2}},"7":{"start":{"line":22,"column":0},"end":{"line":22,"column":24}}},"fnMap":{"0":{"name":"(anonymous_0)","decl":{"start":{"line":7,"column":15},"end":{"line":7,"column":16}},"loc":{"start":{"line":7,"column":34},"end":{"line":9,"column":3}},"line":7},"1":{"name":"(anonymous_1)","decl":{"start":{"line":10,"column":12},"end":{"line":10,"column":13}},"loc":{"start":{"line":10,"column":31},"end":{"line":12,"column":3}},"line":10}},"branchMap":{},"s":{"0":1,"1":1,"2":1,"3":1,"4":0,"5":0,"6":1,"7":1},"f":{"0":0,"1":0},"b":{},"_coverageSchema":"1a1c01bbd47fc00a2c39e90264f33305004495a9","hash":"9d2dad863e1af30db2a914b7ed9af75857e1d983"}
,"C:\\Users\\dmgpn\\Documents\\My_project\\home-works\\node\\nodejs-homeworks-02-06\\midllewares\\validation.js": {"path":"C:\\Users\\dmgpn\\Documents\\My_project\\home-works\\node\\nodejs-homeworks-02-06\\midllewares\\validation.js","statementMap":{"0":{"start":{"line":1,"column":21},"end":{"line":1,"column":55}},"1":{"start":{"line":3,"column":19},"end":{"line":19,"column":1}},"2":{"start":{"line":4,"column":15},"end":{"line":17,"column":3}},"3":{"start":{"line":5,"column":22},"end":{"line":5,"column":47}},"4":{"start":{"line":6,"column":4},"end":{"line":15,"column":5}},"5":{"start":{"line":7,"column":6},"end":{"line":14,"column":9}},"6":{"start":{"line":16,"column":4},"end":{"line":16,"column":11}},"7":{"start":{"line":18,"column":2},"end":{"line":18,"column":14}},"8":{"start":{"line":21,"column":0},"end":{"line":21,"column":28}}},"fnMap":{"0":{"name":"(anonymous_0)","decl":{"start":{"line":3,"column":19},"end":{"line":3,"column":20}},"loc":{"start":{"line":3,"column":31},"end":{"line":19,"column":1}},"line":3},"1":{"name":"(anonymous_1)","decl":{"start":{"line":4,"column":15},"end":{"line":4,"column":16}},"loc":{"start":{"line":4,"column":35},"end":{"line":17,"column":3}},"line":4}},"branchMap":{"0":{"loc":{"start":{"line":6,"column":4},"end":{"line":15,"column":5}},"type":"if","locations":[{"start":{"line":6,"column":4},"end":{"line":15,"column":5}},{"start":{"line":6,"column":4},"end":{"line":15,"column":5}}],"line":6}},"s":{"0":1,"1":1,"2":5,"3":3,"4":3,"5":1,"6":3,"7":5,"8":1},"f":{"0":5,"1":3},"b":{"0":[1,2]},"_coverageSchema":"1a1c01bbd47fc00a2c39e90264f33305004495a9","hash":"11d89453c9fd6445faf7060664af683aedbee758"}
,"C:\\Users\\dmgpn\\Documents\\My_project\\home-works\\node\\nodejs-homeworks-02-06\\models\\avatar.js": {"path":"C:\\Users\\dmgpn\\Documents\\My_project\\home-works\\node\\nodejs-homeworks-02-06\\models\\avatar.js","statementMap":{"0":{"start":{"line":1,"column":26},"end":{"line":1,"column":45}},"1":{"start":{"line":3,"column":21},"end":{"line":11,"column":1}},"2":{"start":{"line":13,"column":15},"end":{"line":13,"column":44}},"3":{"start":{"line":15,"column":0},"end":{"line":15,"column":24}}},"fnMap":{},"branchMap":{},"s":{"0":2,"1":2,"2":2,"3":2},"f":{},"b":{},"_coverageSchema":"1a1c01bbd47fc00a2c39e90264f33305004495a9","hash":"3824bc6bf2c0a44bdb08bdcea7447add2f4d6763"}
,"C:\\Users\\dmgpn\\Documents\\My_project\\home-works\\node\\nodejs-homeworks-02-06\\models\\contact.js": {"path":"C:\\Users\\dmgpn\\Documents\\My_project\\home-works\\node\\nodejs-homeworks-02-06\\models\\contact.js","statementMap":{"0":{"start":{"line":1,"column":12},"end":{"line":1,"column":26}},"1":{"start":{"line":2,"column":26},"end":{"line":2,"column":45}},"2":{"start":{"line":4,"column":25},"end":{"line":9,"column":2}},"3":{"start":{"line":11,"column":31},"end":{"line":16,"column":43}},"4":{"start":{"line":18,"column":22},"end":{"line":46,"column":1}},"5":{"start":{"line":48,"column":16},"end":{"line":48,"column":47}},"6":{"start":{"line":50,"column":0},"end":{"line":50,"column":71}}},"fnMap":{},"branchMap":{},"s":{"0":2,"1":2,"2":2,"3":2,"4":2,"5":2,"6":2},"f":{},"b":{},"_coverageSchema":"1a1c01bbd47fc00a2c39e90264f33305004495a9","hash":"138f4a9e7b457c796fd32ea3750fd59697f6bba4"}
,"C:\\Users\\dmgpn\\Documents\\My_project\\home-works\\node\\nodejs-homeworks-02-06\\models\\index.js": {"path":"C:\\Users\\dmgpn\\Documents\\My_project\\home-works\\node\\nodejs-homeworks-02-06\\models\\index.js","statementMap":{"0":{"start":{"line":1,"column":20},"end":{"line":1,"column":40}},"1":{"start":{"line":2,"column":29},"end":{"line":2,"column":49}},"2":{"start":{"line":3,"column":35},"end":{"line":3,"column":55}},"3":{"start":{"line":5,"column":17},"end":{"line":5,"column":34}},"4":{"start":{"line":6,"column":26},"end":{"line":6,"column":43}},"5":{"start":{"line":7,"column":44},"end":{"line":7,"column":61}},"6":{"start":{"line":9,"column":15},"end":{"line":9,"column":34}},"7":{"start":{"line":11,"column":0},"end":{"line":20,"column":2}}},"fnMap":{},"branchMap":{},"s":{"0":2,"1":2,"2":2,"3":2,"4":2,"5":2,"6":2,"7":2},"f":{},"b":{},"_coverageSchema":"1a1c01bbd47fc00a2c39e90264f33305004495a9","hash":"2283798f5354c4b06d089b087d8f9ea97c150dd2"}
,"C:\\Users\\dmgpn\\Documents\\My_project\\home-works\\node\\nodejs-homeworks-02-06\\models\\user.js": {"path":"C:\\Users\\dmgpn\\Documents\\My_project\\home-works\\node\\nodejs-homeworks-02-06\\models\\user.js","statementMap":{"0":{"start":{"line":1,"column":15},"end":{"line":1,"column":34}},"1":{"start":{"line":2,"column":12},"end":{"line":2,"column":35}},"2":{"start":{"line":3,"column":12},"end":{"line":3,"column":26}},"3":{"start":{"line":4,"column":26},"end":{"line":4,"column":45}},"4":{"start":{"line":6,"column":22},"end":{"line":10,"column":2}},"5":{"start":{"line":12,"column":40},"end":{"line":14,"column":2}},"6":{"start":{"line":16,"column":19},"end":{"line":41,"column":1}},"7":{"start":{"line":43,"column":0},"end":{"line":45,"column":2}},"8":{"start":{"line":44,"column":2},"end":{"line":44,"column":68}},"9":{"start":{"line":47,"column":0},"end":{"line":49,"column":2}},"10":{"start":{"line":48,"column":2},"end":{"line":48,"column":53}},"11":{"start":{"line":51,"column":0},"end":{"line":53,"column":2}},"12":{"start":{"line":52,"column":2},"end":{"line":52,"column":26}},"13":{"start":{"line":55,"column":23},"end":{"line":55,"column":34}},"14":{"start":{"line":57,"column":0},"end":{"line":63,"column":2}},"15":{"start":{"line":58,"column":18},"end":{"line":60,"column":3}},"16":{"start":{"line":62,"column":2},"end":{"line":62,"column":60}},"17":{"start":{"line":65,"column":13},"end":{"line":65,"column":38}},"18":{"start":{"line":67,"column":0},"end":{"line":67,"column":74}}},"fnMap":{"0":{"name":"(anonymous_0)","decl":{"start":{"line":43,"column":33},"end":{"line":43,"column":34}},"loc":{"start":{"line":43,"column":53},"end":{"line":45,"column":1}},"line":43},"1":{"name":"(anonymous_1)","decl":{"start":{"line":47,"column":37},"end":{"line":47,"column":38}},"loc":{"start":{"line":47,"column":57},"end":{"line":49,"column":1}},"line":47},"2":{"name":"(anonymous_2)","decl":{"start":{"line":51,"column":38},"end":{"line":51,"column":39}},"loc":{"start":{"line":51,"column":56},"end":{"line":53,"column":1}},"line":51},"3":{"name":"(anonymous_3)","decl":{"start":{"line":57,"column":33},"end":{"line":57,"column":34}},"loc":{"start":{"line":57,"column":45},"end":{"line":63,"column":1}},"line":57}},"branchMap":{},"s":{"0":2,"1":2,"2":2,"3":2,"4":2,"5":2,"6":2,"7":2,"8":0,"9":2,"10":2,"11":2,"12":0,"13":2,"14":2,"15":1,"16":1,"17":2,"18":2},"f":{"0":0,"1":2,"2":0,"3":1},"b":{},"_coverageSchema":"1a1c01bbd47fc00a2c39e90264f33305004495a9","hash":"5c4403b9762f932d5672d198d832e9c5fc2a1611"}
,"C:\\Users\\dmgpn\\Documents\\My_project\\home-works\\node\\nodejs-homeworks-02-06\\routes\\api\\auth.js": {"path":"C:\\Users\\dmgpn\\Documents\\My_project\\home-works\\node\\nodejs-homeworks-02-06\\routes\\api\\auth.js","statementMap":{"0":{"start":{"line":1,"column":16},"end":{"line":1,"column":34}},"1":{"start":{"line":2,"column":15},"end":{"line":2,"column":31}},"2":{"start":{"line":3,"column":23},"end":{"line":3,"column":51}},"3":{"start":{"line":8,"column":4},"end":{"line":8,"column":32}},"4":{"start":{"line":9,"column":26},"end":{"line":9,"column":49}},"5":{"start":{"line":11,"column":0},"end":{"line":15,"column":2}},"6":{"start":{"line":17,"column":0},"end":{"line":21,"column":2}},"7":{"start":{"line":23,"column":0},"end":{"line":23,"column":71}},"8":{"start":{"line":25,"column":0},"end":{"line":25,"column":24}}},"fnMap":{},"branchMap":{},"s":{"0":1,"1":1,"2":1,"3":1,"4":1,"5":1,"6":1,"7":1,"8":1},"f":{},"b":{},"_coverageSchema":"1a1c01bbd47fc00a2c39e90264f33305004495a9","hash":"23d3378342cb971e139b30698d9dd946949111fd"}
,"C:\\Users\\dmgpn\\Documents\\My_project\\home-works\\node\\nodejs-homeworks-02-06\\routes\\api\\contacts.js": {"path":"C:\\Users\\dmgpn\\Documents\\My_project\\home-works\\node\\nodejs-homeworks-02-06\\routes\\api\\contacts.js","statementMap":{"0":{"start":{"line":1,"column":16},"end":{"line":1,"column":34}},"1":{"start":{"line":2,"column":15},"end":{"line":2,"column":31}},"2":{"start":{"line":3,"column":27},"end":{"line":3,"column":55}},"3":{"start":{"line":8,"column":4},"end":{"line":8,"column":32}},"4":{"start":{"line":12,"column":4},"end":{"line":12,"column":35}},"5":{"start":{"line":14,"column":0},"end":{"line":14,"column":62}},"6":{"start":{"line":16,"column":0},"end":{"line":16,"column":73}},"7":{"start":{"line":18,"column":0},"end":{"line":23,"column":2}},"8":{"start":{"line":25,"column":0},"end":{"line":25,"column":79}},"9":{"start":{"line":27,"column":0},"end":{"line":32,"column":2}},"10":{"start":{"line":34,"column":0},"end":{"line":38,"column":2}},"11":{"start":{"line":40,"column":0},"end":{"line":40,"column":24}}},"fnMap":{},"branchMap":{},"s":{"0":1,"1":1,"2":1,"3":1,"4":1,"5":1,"6":1,"7":1,"8":1,"9":1,"10":1,"11":1},"f":{},"b":{},"_coverageSchema":"1a1c01bbd47fc00a2c39e90264f33305004495a9","hash":"a47530a53487af44238cfc7bdd6dbeca2069e25d"}
,"C:\\Users\\dmgpn\\Documents\\My_project\\home-works\\node\\nodejs-homeworks-02-06\\routes\\api\\users.js": {"path":"C:\\Users\\dmgpn\\Documents\\My_project\\home-works\\node\\nodejs-homeworks-02-06\\routes\\api\\users.js","statementMap":{"0":{"start":{"line":1,"column":16},"end":{"line":1,"column":34}},"1":{"start":{"line":2,"column":15},"end":{"line":2,"column":31}},"2":{"start":{"line":3,"column":24},"end":{"line":3,"column":52}},"3":{"start":{"line":9,"column":4},"end":{"line":9,"column":32}},"4":{"start":{"line":10,"column":44},"end":{"line":10,"column":67}},"5":{"start":{"line":12,"column":0},"end":{"line":17,"column":2}},"6":{"start":{"line":19,"column":0},"end":{"line":19,"column":72}},"7":{"start":{"line":21,"column":0},"end":{"line":26,"column":2}},"8":{"start":{"line":28,"column":0},"end":{"line":28,"column":24}}},"fnMap":{},"branchMap":{},"s":{"0":1,"1":1,"2":1,"3":1,"4":1,"5":1,"6":1,"7":1,"8":1},"f":{},"b":{},"_coverageSchema":"1a1c01bbd47fc00a2c39e90264f33305004495a9","hash":"abab185304773c230af014be6a89958769fadd1f"}
}
