TN:
SF:app.js
FN:22,(anonymous_0)
FN:24,(anonymous_1)
FN:28,(anonymous_2)
FN:48,(anonymous_3)
FN:56,(anonymous_4)
FNF:5
FNH:2
FNDA:1,(anonymous_0)
FNDA:1,(anonymous_1)
FNDA:0,(anonymous_2)
FNDA:0,(anonymous_3)
FNDA:0,(anonymous_4)
DA:1,1
DA:2,1
DA:3,1
DA:4,1
DA:5,1
DA:9,1
DA:10,1
DA:11,1
DA:12,1
DA:15,1
DA:17,1
DA:23,1
DA:24,1
DA:25,1
DA:29,0
DA:30,0
DA:33,1
DA:35,1
DA:37,1
DA:38,1
DA:39,1
DA:40,1
DA:42,1
DA:43,1
DA:44,1
DA:48,1
DA:49,0
DA:56,1
DA:57,0
DA:58,0
DA:68,1
LF:31
LH:26
BRDA:15,0,0,1
BRDA:35,1,0,0
BRDA:35,1,1,1
BRDA:57,2,0,0
BRDA:57,3,0,0
BRF:5
BRH:2
end_of_record
TN:
SF:controllers\index.js
FNF:0
FNH:0
DA:1,1
DA:2,1
DA:3,1
DA:5,1
LF:4
LH:4
BRF:0
BRH:0
end_of_record
TN:
SF:controllers\auth\index.js
FNF:0
FNH:0
DA:1,1
DA:2,1
DA:3,1
DA:5,1
LF:4
LH:4
BRF:0
BRH:0
end_of_record
TN:
SF:controllers\auth\signin.js
FN:4,(anonymous_0)
FNF:1
FNH:1
FNDA:3,(anonymous_0)
DA:1,1
DA:2,1
DA:4,1
DA:5,3
DA:7,3
DA:9,2
DA:10,1
DA:16,1
DA:19,1
DA:21,1
DA:23,1
DA:34,1
LF:12
LH:12
BRDA:9,0,0,1
BRDA:9,0,1,1
BRDA:9,1,0,2
BRDA:9,1,1,2
BRF:4
BRH:4
end_of_record
TN:
SF:controllers\auth\signout.js
FN:4,(anonymous_0)
FNF:1
FNH:0
FNDA:0,(anonymous_0)
DA:1,1
DA:2,1
DA:4,1
DA:5,0
DA:6,0
DA:8,0
DA:16,1
LF:7
LH:4
BRF:0
BRH:0
end_of_record
TN:
SF:controllers\auth\signup.js
FN:5,(anonymous_0)
FNF:1
FNH:0
FNDA:0,(anonymous_0)
DA:1,1
DA:2,1
DA:3,1
DA:5,1
DA:6,0
DA:8,0
DA:10,0
DA:11,0
DA:17,0
DA:20,0
DA:22,0
DA:23,0
DA:24,0
DA:26,0
DA:38,1
LF:15
LH:5
BRDA:10,0,0,0
BRDA:10,0,1,0
BRF:2
BRH:0
end_of_record
TN:
SF:controllers\contacts\add.js
FN:4,(anonymous_0)
FNF:1
FNH:0
FNDA:0,(anonymous_0)
DA:1,1
DA:2,1
DA:4,1
DA:5,0
DA:6,0
DA:7,0
DA:9,0
DA:12,1
LF:8
LH:4
BRF:0
BRH:0
end_of_record
TN:
SF:controllers\contacts\getAll.js
FN:4,(anonymous_0)
FNF:1
FNH:0
FNDA:0,(anonymous_0)
DA:1,1
DA:2,1
DA:4,1
DA:5,0
DA:7,0
DA:10,0
DA:11,0
DA:16,0
DA:26,0
DA:29,1
LF:10
LH:4
BRDA:5,0,0,0
BRDA:5,1,0,0
BRDA:5,2,0,0
BRDA:10,3,0,0
BRDA:10,3,1,0
BRF:5
BRH:0
end_of_record
TN:
SF:controllers\contacts\getById.js
FN:5,(anonymous_0)
FNF:1
FNH:0
FNDA:0,(anonymous_0)
DA:1,1
DA:2,1
DA:3,1
DA:5,1
DA:6,0
DA:7,0
DA:8,0
DA:9,0
DA:12,0
DA:15,1
LF:10
LH:5
BRDA:8,0,0,0
BRDA:8,0,1,0
BRF:2
BRH:0
end_of_record
TN:
SF:controllers\contacts\index.js
FNF:0
FNH:0
DA:1,1
DA:2,1
DA:3,1
DA:4,1
DA:5,1
DA:6,1
DA:8,1
LF:7
LH:7
BRF:0
BRH:0
end_of_record
TN:
SF:controllers\contacts\removeById.js
FN:5,(anonymous_0)
FNF:1
FNH:0
FNDA:0,(anonymous_0)
DA:1,1
DA:2,1
DA:3,1
DA:5,1
DA:6,0
DA:7,0
DA:8,0
DA:9,0
DA:12,0
DA:15,1
LF:10
LH:5
BRDA:8,0,0,0
BRDA:8,0,1,0
BRF:2
BRH:0
end_of_record
TN:
SF:controllers\contacts\updateById.js
FN:5,(anonymous_0)
FNF:1
FNH:0
FNDA:0,(anonymous_0)
DA:1,1
DA:2,1
DA:3,1
DA:5,1
DA:6,0
DA:12,0
DA:13,0
DA:16,0
DA:23,1
LF:9
LH:5
BRDA:12,0,0,0
BRDA:12,0,1,0
BRF:2
BRH:0
end_of_record
TN:
SF:controllers\contacts\updateStatusContact.js
FN:5,(anonymous_0)
FNF:1
FNH:0
FNDA:0,(anonymous_0)
DA:1,1
DA:2,1
DA:3,1
DA:5,1
DA:6,0
DA:7,0
DA:9,0
DA:10,0
DA:13,0
DA:19,0
DA:20,0
DA:23,0
DA:30,1
LF:13
LH:5
BRDA:9,0,0,0
BRDA:9,0,1,0
BRDA:19,1,0,0
BRDA:19,1,1,0
BRF:4
BRH:0
end_of_record
TN:
SF:controllers\users\index.js
FNF:0
FNH:0
DA:1,1
DA:2,1
DA:3,1
DA:5,1
LF:4
LH:4
BRF:0
BRH:0
end_of_record
TN:
SF:controllers\users\subscription.js
FN:4,(anonymous_0)
FNF:1
FNH:0
FNDA:0,(anonymous_0)
DA:1,1
DA:2,1
DA:4,1
DA:5,0
DA:6,0
DA:8,0
DA:16,0
DA:25,1
LF:8
LH:4
BRF:0
BRH:0
end_of_record
TN:
SF:controllers\users\updateAvatar.js
FN:10,(anonymous_0)
FN:15,(anonymous_1)
FNF:2
FNH:0
FNDA:0,(anonymous_0)
FNDA:0,(anonymous_1)
DA:1,1
DA:2,1
DA:3,1
DA:4,1
DA:6,1
DA:8,1
DA:10,1
DA:11,0
DA:12,0
DA:13,0
DA:14,0
DA:15,0
DA:18,0
DA:19,0
DA:21,0
DA:22,0
DA:24,0
DA:30,0
DA:38,0
DA:39,0
DA:50,1
LF:21
LH:8
BRF:0
BRH:0
end_of_record
TN:
SF:controllers\users\userInfo.js
FN:3,(anonymous_0)
FNF:1
FNH:0
FNDA:0,(anonymous_0)
DA:1,1
DA:3,1
DA:4,0
DA:13,1
LF:4
LH:3
BRF:0
BRH:0
end_of_record
TN:
SF:helpers\index.js
FNF:0
FNH:0
DA:1,1
DA:3,1
LF:2
LH:2
BRF:0
BRH:0
end_of_record
TN:
SF:helpers\sendResponse.js
FN:1,(anonymous_0)
FNF:1
FNH:1
FNDA:7,(anonymous_0)
DA:1,2
DA:2,7
DA:9,2
LF:3
LH:3
BRDA:1,0,0,0
BRF:1
BRH:0
end_of_record
TN:
SF:midllewares\authenticate.js
FN:6,(anonymous_0)
FNF:1
FNH:1
FNDA:4,(anonymous_0)
DA:1,2
DA:2,2
DA:3,2
DA:4,2
DA:6,2
DA:7,4
DA:8,4
DA:10,3
DA:12,3
DA:13,1
DA:23,3
DA:25,2
DA:27,2
DA:28,1
DA:37,1
DA:38,1
DA:40,2
DA:51,2
LF:18
LH:18
BRDA:12,0,0,1
BRDA:12,0,1,2
BRDA:27,1,0,1
BRDA:27,1,1,1
BRF:4
BRH:4
end_of_record
TN:
SF:midllewares\controllerWrapper.js
FN:1,(anonymous_0)
FN:2,(anonymous_1)
FNF:2
FNH:2
FNDA:12,(anonymous_0)
FNDA:3,(anonymous_1)
DA:1,1
DA:2,12
DA:3,3
DA:4,3
DA:6,0
DA:9,12
DA:12,1
LF:7
LH:6
BRF:0
BRH:0
end_of_record
TN:
SF:midllewares\index.js
FNF:0
FNH:0
DA:1,1
DA:2,1
DA:3,1
DA:4,1
DA:6,1
LF:5
LH:5
BRF:0
BRH:0
end_of_record
TN:
SF:midllewares\upload.js
FN:7,(anonymous_0)
FN:10,(anonymous_1)
FNF:2
FNH:0
FNDA:0,(anonymous_0)
FNDA:0,(anonymous_1)
DA:1,1
DA:2,1
DA:4,1
DA:6,1
DA:8,0
DA:11,0
DA:18,1
DA:22,1
LF:8
LH:6
BRF:0
BRH:0
end_of_record
TN:
SF:midllewares\validation.js
FN:3,(anonymous_0)
FN:4,(anonymous_1)
FNF:2
FNH:2
FNDA:5,(anonymous_0)
FNDA:3,(anonymous_1)
DA:1,1
DA:3,1
DA:4,5
DA:5,3
DA:6,3
DA:7,1
DA:16,3
DA:18,5
DA:21,1
LF:9
LH:9
BRDA:6,0,0,1
BRDA:6,0,1,2
BRF:2
BRH:2
end_of_record
TN:
SF:models\avatar.js
FNF:0
FNH:0
DA:1,2
DA:3,2
DA:13,2
DA:15,2
LF:4
LH:4
BRF:0
BRH:0
end_of_record
TN:
SF:models\contact.js
FNF:0
FNH:0
DA:1,2
DA:2,2
DA:4,2
DA:11,2
DA:18,2
DA:48,2
DA:50,2
LF:7
LH:7
BRF:0
BRH:0
end_of_record
TN:
SF:models\index.js
FNF:0
FNH:0
DA:1,2
DA:2,2
DA:3,2
DA:5,2
DA:6,2
DA:7,2
DA:9,2
DA:11,2
LF:8
LH:8
BRF:0
BRH:0
end_of_record
TN:
SF:models\user.js
FN:43,(anonymous_0)
FN:47,(anonymous_1)
FN:51,(anonymous_2)
FN:57,(anonymous_3)
FNF:4
FNH:2
FNDA:0,(anonymous_0)
FNDA:2,(anonymous_1)
FNDA:0,(anonymous_2)
FNDA:1,(anonymous_3)
DA:1,2
DA:2,2
DA:3,2
DA:4,2
DA:6,2
DA:12,2
DA:16,2
DA:43,2
DA:44,0
DA:47,2
DA:48,2
DA:51,2
DA:52,0
DA:55,2
DA:57,2
DA:58,1
DA:62,1
DA:65,2
DA:67,2
LF:19
LH:17
BRF:0
BRH:0
end_of_record
TN:
SF:routes\api\auth.js
FNF:0
FNH:0
DA:1,1
DA:2,1
DA:3,1
DA:8,1
DA:9,1
DA:11,1
DA:17,1
DA:23,1
DA:25,1
LF:9
LH:9
BRF:0
BRH:0
end_of_record
TN:
SF:routes\api\contacts.js
FNF:0
FNH:0
DA:1,1
DA:2,1
DA:3,1
DA:8,1
DA:12,1
DA:14,1
DA:16,1
DA:18,1
DA:25,1
DA:27,1
DA:34,1
DA:40,1
LF:12
LH:12
BRF:0
BRH:0
end_of_record
TN:
SF:routes\api\users.js
FNF:0
FNH:0
DA:1,1
DA:2,1
DA:3,1
DA:9,1
DA:10,1
DA:12,1
DA:19,1
DA:21,1
DA:28,1
LF:9
LH:9
BRF:0
BRH:0
end_of_record
